<?xml version="1.0" encoding="UTF-8"?>
<!-- Generated by org.testng.reporters.JUnitReportReporter -->
<testsuite hostname="Omprakash" failures="0" tests="1" name="com.autodesk.testyantra1.practice.DropdownOptionsWithoutGetOptions" time="7.493" errors="0" timestamp="2022-05-03T12:28:31 IST" skipped="0">
  <testcase classname="com.autodesk.testyantra1.practice.DropdownOptionsWithoutGetOptions" name="m1" time="7.493"/>
  <system-out/>
</testsuite> <!-- com.autodesk.testyantra1.practice.DropdownOptionsWithoutGetOptions -->
