<?xml version="1.0" encoding="UTF-8"?>
<!-- Generated by org.testng.reporters.JUnitReportReporter -->
<testsuite hostname="Omprakash" failures="0" tests="1" name="com.autodesk.testyantra1.practice.DropdownOptionsWithoutGetOptionstest" time="3.965" errors="0" timestamp="2022-05-03T16:31:23 IST" skipped="0">
  <testcase classname="com.autodesk.testyantra1.practice.DropdownOptionsWithoutGetOptionstest" name="m1" time="3.965"/>
  <system-out/>
</testsuite> <!-- com.autodesk.testyantra1.practice.DropdownOptionsWithoutGetOptionstest -->
