<?xml version="1.0" encoding="UTF-8"?>
<!-- Generated by org.testng.reporters.JUnitReportReporter -->
<testsuite hostname="Omprakash" failures="0" tests="1" name="com.autodesk.testyantra1.practice.LinksTextboxDrodowntest" time="26.135" errors="0" timestamp="2022-05-03T16:49:20 IST" skipped="0">
  <testcase classname="com.autodesk.testyantra1.practice.LinksTextboxDrodowntest" name="m1" time="26.135"/>
  <system-out/>
</testsuite> <!-- com.autodesk.testyantra1.practice.LinksTextboxDrodowntest -->
