<?xml version="1.0" encoding="UTF-8"?>
<!-- Generated by org.testng.reporters.JUnitReportReporter -->
<testsuite skipped="0" hostname="Omprakash" name="com.autodesk.testyantra1.practice.LinksTextboxDrodowntest" tests="1" failures="0" timestamp="2022-05-03T18:31:39 IST" time="47.261" errors="0">
  <testcase name="m1" time="47.261" classname="com.autodesk.testyantra1.practice.LinksTextboxDrodowntest"/>
  <system-out/>
</testsuite> <!-- com.autodesk.testyantra1.practice.LinksTextboxDrodowntest -->
